{"level":"info","message":"Connection to the database has been established successfully.","timestamp":"2024-10-18T07:41:44.756Z"}
{"level":"\u001b[32minfo\u001b[39m","message":"Connection to the database has been established successfully.","timestamp":"2024-10-18T07:44:30.546Z"}
{"level":"\u001b[32minfo\u001b[39m","message":"Connection to the database has been established successfully.","timestamp":"2024-10-18T07:57:10.007Z"}
{"level":"\u001b[32minfo\u001b[39m","message":"Connection to the database has been established successfully.","timestamp":"2024-10-18T07:57:23.065Z"}
{"level":"\u001b[32minfo\u001b[39m","message":"Connection to the database has been established successfully.","timestamp":"2024-10-18T08:36:06.579Z"}
{"level":"\u001b[32minfo\u001b[39m","message":"Connection to the database has been established successfully.","timestamp":"2024-10-18T08:39:46.138Z"}
{"level":"\u001b[32minfo\u001b[39m","message":"Connection to the database has been established successfully.","timestamp":"2024-10-18T08:39:57.958Z"}
{"level":"\u001b[32minfo\u001b[39m","message":"Connection to the database has been established successfully.","timestamp":"2024-10-18T08:40:47.476Z"}
{"level":"\u001b[32minfo\u001b[39m","message":"Connection to the database has been established successfully.","timestamp":"2024-10-18T08:42:34.546Z"}
{"level":"\u001b[32minfo\u001b[39m","message":"Connection to the database has been established successfully.","timestamp":"2024-10-18T08:42:42.657Z"}
{"level":"\u001b[32minfo\u001b[39m","message":"Connection to the database has been established successfully.","timestamp":"2024-10-18T08:42:49.773Z"}
{"level":"\u001b[32minfo\u001b[39m","message":"Connection to the database has been established successfully.","timestamp":"2024-10-18T08:43:37.404Z"}
{"level":"\u001b[32minfo\u001b[39m","message":"Connection to the database has been established successfully.","timestamp":"2024-10-18T08:43:46.862Z"}
{"eventId":1,"level":"\u001b[32minfo\u001b[39m","message":"Event initialized: 1","timestamp":"2024-10-18T08:44:48.810Z"}
{"eventId":1,"level":"\u001b[32minfo\u001b[39m","message":"Ticket booked","timestamp":"2024-10-18T08:44:48.845Z","userId":"user1"}
{"eventId":1,"level":"\u001b[32minfo\u001b[39m","message":"Ticket booked","timestamp":"2024-10-18T08:44:48.858Z","userId":"user2"}
{"eventId":1,"level":"\u001b[32minfo\u001b[39m","message":"Ticket booked","timestamp":"2024-10-18T08:44:48.870Z","userId":"user3"}
{"eventId":1,"level":"\u001b[32minfo\u001b[39m","message":"Ticket booked","timestamp":"2024-10-18T08:44:48.881Z","userId":"user4"}
{"eventId":1,"level":"\u001b[32minfo\u001b[39m","message":"Ticket booked","timestamp":"2024-10-18T08:44:48.892Z","userId":"user5"}
{"eventId":1,"level":"\u001b[32minfo\u001b[39m","message":"Ticket booked","timestamp":"2024-10-18T08:44:48.905Z","userId":"user6"}
{"eventId":1,"level":"\u001b[32minfo\u001b[39m","message":"Ticket booked","timestamp":"2024-10-18T08:44:48.916Z","userId":"user7"}
{"eventId":1,"level":"\u001b[32minfo\u001b[39m","message":"Ticket booked","timestamp":"2024-10-18T08:44:48.927Z","userId":"user8"}
{"eventId":1,"level":"\u001b[32minfo\u001b[39m","message":"Ticket booked","timestamp":"2024-10-18T08:44:48.937Z","userId":"user9"}
{"eventId":1,"level":"\u001b[32minfo\u001b[39m","message":"Ticket booked","timestamp":"2024-10-18T08:44:48.948Z","userId":"user10"}
{"eventId":1,"level":"\u001b[32minfo\u001b[39m","message":"Ticket booked","timestamp":"2024-10-18T08:44:48.958Z","userId":"user11"}
{"eventId":1,"level":"\u001b[32minfo\u001b[39m","message":"Ticket booked","timestamp":"2024-10-18T08:44:48.971Z","userId":"user12"}
{"eventId":1,"level":"\u001b[32minfo\u001b[39m","message":"Ticket booked","timestamp":"2024-10-18T08:44:48.982Z","userId":"user13"}
{"eventId":1,"level":"\u001b[32minfo\u001b[39m","message":"Ticket booked","timestamp":"2024-10-18T08:44:48.992Z","userId":"user14"}
{"eventId":1,"level":"\u001b[32minfo\u001b[39m","message":"Ticket booked","timestamp":"2024-10-18T08:44:49.002Z","userId":"user15"}
{"eventId":1,"level":"\u001b[32minfo\u001b[39m","message":"Ticket booked","timestamp":"2024-10-18T08:44:49.022Z","userId":"user16"}
{"eventId":1,"level":"\u001b[32minfo\u001b[39m","message":"Ticket booked","timestamp":"2024-10-18T08:44:49.042Z","userId":"user17"}
{"eventId":1,"level":"\u001b[32minfo\u001b[39m","message":"Ticket booked","timestamp":"2024-10-18T08:44:49.057Z","userId":"user18"}
{"eventId":1,"level":"\u001b[32minfo\u001b[39m","message":"Ticket booked","timestamp":"2024-10-18T08:44:49.068Z","userId":"user19"}
{"eventId":1,"level":"\u001b[32minfo\u001b[39m","message":"Ticket booked","timestamp":"2024-10-18T08:44:49.078Z","userId":"user20"}
{"eventId":1,"level":"\u001b[32minfo\u001b[39m","message":"Ticket booked","timestamp":"2024-10-18T08:44:49.088Z","userId":"user21"}
{"eventId":1,"level":"\u001b[32minfo\u001b[39m","message":"Ticket booked","timestamp":"2024-10-18T08:44:49.098Z","userId":"user22"}
{"eventId":1,"level":"\u001b[32minfo\u001b[39m","message":"Ticket booked","timestamp":"2024-10-18T08:44:49.107Z","userId":"user23"}
{"eventId":1,"level":"\u001b[32minfo\u001b[39m","message":"Ticket booked","timestamp":"2024-10-18T08:44:49.117Z","userId":"user24"}
{"eventId":1,"level":"\u001b[32minfo\u001b[39m","message":"Ticket booked","timestamp":"2024-10-18T08:44:49.130Z","userId":"user25"}
{"eventId":1,"level":"\u001b[32minfo\u001b[39m","message":"Ticket booked","timestamp":"2024-10-18T08:44:49.139Z","userId":"user26"}
{"eventId":1,"level":"\u001b[32minfo\u001b[39m","message":"Ticket booked","timestamp":"2024-10-18T08:44:49.148Z","userId":"user27"}
{"eventId":1,"level":"\u001b[32minfo\u001b[39m","message":"Ticket booked","timestamp":"2024-10-18T08:44:49.157Z","userId":"user28"}
{"eventId":1,"level":"\u001b[32minfo\u001b[39m","message":"Ticket booked","timestamp":"2024-10-18T08:44:49.166Z","userId":"user29"}
{"eventId":1,"level":"\u001b[32minfo\u001b[39m","message":"Ticket booked","timestamp":"2024-10-18T08:44:49.175Z","userId":"user30"}
{"eventId":1,"level":"\u001b[32minfo\u001b[39m","message":"Ticket booked","timestamp":"2024-10-18T08:44:49.186Z","userId":"user31"}
{"eventId":1,"level":"\u001b[32minfo\u001b[39m","message":"Ticket booked","timestamp":"2024-10-18T08:44:49.195Z","userId":"user32"}
{"eventId":1,"level":"\u001b[32minfo\u001b[39m","message":"Ticket booked","timestamp":"2024-10-18T08:44:49.204Z","userId":"user33"}
{"eventId":1,"level":"\u001b[32minfo\u001b[39m","message":"Ticket booked","timestamp":"2024-10-18T08:44:49.213Z","userId":"user34"}
{"eventId":1,"level":"\u001b[32minfo\u001b[39m","message":"Ticket booked","timestamp":"2024-10-18T08:44:49.221Z","userId":"user35"}
{"eventId":1,"level":"\u001b[32minfo\u001b[39m","message":"Ticket booked","timestamp":"2024-10-18T08:44:49.230Z","userId":"user36"}
{"eventId":1,"level":"\u001b[32minfo\u001b[39m","message":"Ticket booked","timestamp":"2024-10-18T08:44:49.240Z","userId":"user37"}
{"eventId":1,"level":"\u001b[32minfo\u001b[39m","message":"Ticket booked","timestamp":"2024-10-18T08:44:49.251Z","userId":"user38"}
{"eventId":1,"level":"\u001b[32minfo\u001b[39m","message":"Ticket booked","timestamp":"2024-10-18T08:44:49.261Z","userId":"user39"}
{"eventId":1,"level":"\u001b[32minfo\u001b[39m","message":"Ticket booked","timestamp":"2024-10-18T08:44:49.269Z","userId":"user40"}
{"eventId":1,"level":"\u001b[32minfo\u001b[39m","message":"Ticket booked","timestamp":"2024-10-18T08:44:49.278Z","userId":"user41"}
{"eventId":1,"level":"\u001b[32minfo\u001b[39m","message":"Ticket booked","timestamp":"2024-10-18T08:44:49.286Z","userId":"user42"}
{"eventId":1,"level":"\u001b[32minfo\u001b[39m","message":"Ticket booked","timestamp":"2024-10-18T08:44:49.294Z","userId":"user43"}
{"eventId":1,"level":"\u001b[32minfo\u001b[39m","message":"Ticket booked","timestamp":"2024-10-18T08:44:49.304Z","userId":"user44"}
{"eventId":1,"level":"\u001b[32minfo\u001b[39m","message":"Ticket booked","timestamp":"2024-10-18T08:44:49.313Z","userId":"user45"}
{"eventId":1,"level":"\u001b[32minfo\u001b[39m","message":"Ticket booked","timestamp":"2024-10-18T08:44:49.321Z","userId":"user46"}
{"eventId":1,"level":"\u001b[32minfo\u001b[39m","message":"Ticket booked","timestamp":"2024-10-18T08:44:49.330Z","userId":"user47"}
{"eventId":1,"level":"\u001b[32minfo\u001b[39m","message":"Ticket booked","timestamp":"2024-10-18T08:44:49.338Z","userId":"user48"}
{"eventId":1,"level":"\u001b[32minfo\u001b[39m","message":"Ticket booked","timestamp":"2024-10-18T08:44:49.347Z","userId":"user49"}
{"eventId":1,"level":"\u001b[32minfo\u001b[39m","message":"Ticket booked","timestamp":"2024-10-18T08:44:49.355Z","userId":"user50"}
{"eventId":1,"level":"\u001b[32minfo\u001b[39m","message":"Ticket booked","timestamp":"2024-10-18T08:44:49.365Z","userId":"user51"}
{"eventId":1,"level":"\u001b[32minfo\u001b[39m","message":"Ticket booked","timestamp":"2024-10-18T08:44:49.375Z","userId":"user52"}
{"eventId":1,"level":"\u001b[32minfo\u001b[39m","message":"Ticket booked","timestamp":"2024-10-18T08:44:49.384Z","userId":"user53"}
{"eventId":1,"level":"\u001b[32minfo\u001b[39m","message":"Ticket booked","timestamp":"2024-10-18T08:44:49.395Z","userId":"user54"}
{"eventId":1,"level":"\u001b[32minfo\u001b[39m","message":"Ticket booked","timestamp":"2024-10-18T08:44:49.412Z","userId":"user55"}
{"eventId":1,"level":"\u001b[32minfo\u001b[39m","message":"Ticket booked","timestamp":"2024-10-18T08:44:49.423Z","userId":"user56"}
{"eventId":1,"level":"\u001b[32minfo\u001b[39m","message":"Ticket booked","timestamp":"2024-10-18T08:44:49.433Z","userId":"user57"}
{"eventId":1,"level":"\u001b[32minfo\u001b[39m","message":"Ticket booked","timestamp":"2024-10-18T08:44:49.443Z","userId":"user58"}
{"eventId":1,"level":"\u001b[32minfo\u001b[39m","message":"Ticket booked","timestamp":"2024-10-18T08:44:49.452Z","userId":"user59"}
{"eventId":1,"level":"\u001b[32minfo\u001b[39m","message":"Ticket booked","timestamp":"2024-10-18T08:44:49.462Z","userId":"user60"}
{"eventId":1,"level":"\u001b[32minfo\u001b[39m","message":"Ticket booked","timestamp":"2024-10-18T08:44:49.470Z","userId":"user61"}
{"eventId":1,"level":"\u001b[32minfo\u001b[39m","message":"Ticket booked","timestamp":"2024-10-18T08:44:49.480Z","userId":"user62"}
{"eventId":1,"level":"\u001b[32minfo\u001b[39m","message":"Ticket booked","timestamp":"2024-10-18T08:44:49.487Z","userId":"user63"}
{"eventId":1,"level":"\u001b[32minfo\u001b[39m","message":"Ticket booked","timestamp":"2024-10-18T08:44:49.535Z","userId":"user64"}
{"eventId":1,"level":"\u001b[32minfo\u001b[39m","message":"Ticket booked","timestamp":"2024-10-18T08:44:49.547Z","userId":"user65"}
{"eventId":1,"level":"\u001b[32minfo\u001b[39m","message":"Ticket booked","timestamp":"2024-10-18T08:44:49.556Z","userId":"user66"}
{"eventId":1,"level":"\u001b[32minfo\u001b[39m","message":"Ticket booked","timestamp":"2024-10-18T08:44:49.566Z","userId":"user67"}
{"eventId":1,"level":"\u001b[32minfo\u001b[39m","message":"Ticket booked","timestamp":"2024-10-18T08:44:49.577Z","userId":"user68"}
{"eventId":1,"level":"\u001b[32minfo\u001b[39m","message":"Ticket booked","timestamp":"2024-10-18T08:44:49.585Z","userId":"user69"}
{"eventId":1,"level":"\u001b[32minfo\u001b[39m","message":"Ticket booked","timestamp":"2024-10-18T08:44:49.594Z","userId":"user70"}
{"eventId":1,"level":"\u001b[32minfo\u001b[39m","message":"Ticket booked","timestamp":"2024-10-18T08:44:49.602Z","userId":"user71"}
{"eventId":1,"level":"\u001b[32minfo\u001b[39m","message":"Ticket booked","timestamp":"2024-10-18T08:44:49.613Z","userId":"user72"}
{"eventId":1,"level":"\u001b[32minfo\u001b[39m","message":"Ticket booked","timestamp":"2024-10-18T08:44:49.621Z","userId":"user73"}
{"eventId":1,"level":"\u001b[32minfo\u001b[39m","message":"Ticket booked","timestamp":"2024-10-18T08:44:49.631Z","userId":"user74"}
{"eventId":1,"level":"\u001b[32minfo\u001b[39m","message":"Ticket booked","timestamp":"2024-10-18T08:44:49.640Z","userId":"user75"}
{"eventId":1,"level":"\u001b[32minfo\u001b[39m","message":"Ticket booked","timestamp":"2024-10-18T08:44:49.649Z","userId":"user76"}
{"eventId":1,"level":"\u001b[32minfo\u001b[39m","message":"Ticket booked","timestamp":"2024-10-18T08:44:49.656Z","userId":"user77"}
{"eventId":1,"level":"\u001b[32minfo\u001b[39m","message":"Ticket booked","timestamp":"2024-10-18T08:44:49.664Z","userId":"user78"}
{"eventId":1,"level":"\u001b[32minfo\u001b[39m","message":"Ticket booked","timestamp":"2024-10-18T08:44:49.672Z","userId":"user79"}
{"eventId":1,"level":"\u001b[32minfo\u001b[39m","message":"Ticket booked","timestamp":"2024-10-18T08:44:49.680Z","userId":"user80"}
{"eventId":1,"level":"\u001b[32minfo\u001b[39m","message":"Ticket booked","timestamp":"2024-10-18T08:44:49.688Z","userId":"user81"}
{"eventId":1,"level":"\u001b[32minfo\u001b[39m","message":"Ticket booked","timestamp":"2024-10-18T08:44:49.696Z","userId":"user82"}
{"eventId":1,"level":"\u001b[32minfo\u001b[39m","message":"Ticket booked","timestamp":"2024-10-18T08:44:49.706Z","userId":"user83"}
{"eventId":1,"level":"\u001b[32minfo\u001b[39m","message":"Ticket booked","timestamp":"2024-10-18T08:44:49.714Z","userId":"user84"}
{"eventId":1,"level":"\u001b[32minfo\u001b[39m","message":"Ticket booked","timestamp":"2024-10-18T08:44:49.722Z","userId":"user85"}
{"eventId":1,"level":"\u001b[32minfo\u001b[39m","message":"Ticket booked","timestamp":"2024-10-18T08:44:49.731Z","userId":"user86"}
{"eventId":1,"level":"\u001b[32minfo\u001b[39m","message":"Ticket booked","timestamp":"2024-10-18T08:44:49.739Z","userId":"user87"}
{"eventId":1,"level":"\u001b[32minfo\u001b[39m","message":"Ticket booked","timestamp":"2024-10-18T08:44:49.747Z","userId":"user88"}
{"eventId":1,"level":"\u001b[32minfo\u001b[39m","message":"Ticket booked","timestamp":"2024-10-18T08:44:49.755Z","userId":"user89"}
{"eventId":1,"level":"\u001b[32minfo\u001b[39m","message":"Ticket booked","timestamp":"2024-10-18T08:44:49.764Z","userId":"user90"}
{"eventId":1,"level":"\u001b[32minfo\u001b[39m","message":"Ticket booked","timestamp":"2024-10-18T08:44:49.773Z","userId":"user91"}
{"eventId":1,"level":"\u001b[32minfo\u001b[39m","message":"Ticket booked","timestamp":"2024-10-18T08:44:49.781Z","userId":"user92"}
{"eventId":1,"level":"\u001b[32minfo\u001b[39m","message":"Ticket booked","timestamp":"2024-10-18T08:44:49.788Z","userId":"user93"}
{"eventId":1,"level":"\u001b[32minfo\u001b[39m","message":"Ticket booked","timestamp":"2024-10-18T08:44:49.796Z","userId":"user94"}
{"eventId":1,"level":"\u001b[32minfo\u001b[39m","message":"Ticket booked","timestamp":"2024-10-18T08:44:49.804Z","userId":"user95"}
{"eventId":1,"level":"\u001b[32minfo\u001b[39m","message":"Ticket booked","timestamp":"2024-10-18T08:44:49.812Z","userId":"user96"}
{"eventId":1,"level":"\u001b[32minfo\u001b[39m","message":"Ticket booked","timestamp":"2024-10-18T08:44:49.820Z","userId":"user97"}
{"eventId":1,"level":"\u001b[32minfo\u001b[39m","message":"Ticket booked","timestamp":"2024-10-18T08:44:49.828Z","userId":"user98"}
{"eventId":1,"level":"\u001b[32minfo\u001b[39m","message":"Ticket booked","timestamp":"2024-10-18T08:44:49.837Z","userId":"user99"}
{"eventId":1,"level":"\u001b[32minfo\u001b[39m","message":"Ticket booked","timestamp":"2024-10-18T08:44:49.845Z","userId":"userWaiting"}
{"eventId":1,"level":"\u001b[32minfo\u001b[39m","message":"Event initialized: 1","timestamp":"2024-10-18T08:50:06.119Z"}
{"eventId":1,"level":"\u001b[32minfo\u001b[39m","message":"Ticket booked","timestamp":"2024-10-18T08:50:06.153Z","userId":"user1"}
{"eventId":1,"level":"\u001b[32minfo\u001b[39m","message":"Ticket booked","timestamp":"2024-10-18T08:50:06.169Z","userId":"user2"}
{"eventId":1,"level":"\u001b[32minfo\u001b[39m","message":"Ticket booked","timestamp":"2024-10-18T08:50:06.182Z","userId":"user3"}
{"eventId":1,"level":"\u001b[32minfo\u001b[39m","message":"Ticket booked","timestamp":"2024-10-18T08:50:06.193Z","userId":"user4"}
{"eventId":1,"level":"\u001b[32minfo\u001b[39m","message":"Ticket booked","timestamp":"2024-10-18T08:50:06.204Z","userId":"user5"}
{"eventId":1,"level":"\u001b[32minfo\u001b[39m","message":"Ticket booked","timestamp":"2024-10-18T08:50:06.218Z","userId":"user6"}
{"eventId":1,"level":"\u001b[32minfo\u001b[39m","message":"Ticket booked","timestamp":"2024-10-18T08:50:06.229Z","userId":"user7"}
{"eventId":1,"level":"\u001b[32minfo\u001b[39m","message":"Ticket booked","timestamp":"2024-10-18T08:50:06.239Z","userId":"user8"}
{"eventId":1,"level":"\u001b[32minfo\u001b[39m","message":"Ticket booked","timestamp":"2024-10-18T08:50:06.250Z","userId":"user9"}
{"eventId":1,"level":"\u001b[32minfo\u001b[39m","message":"Ticket booked","timestamp":"2024-10-18T08:50:06.260Z","userId":"user10"}
{"eventId":1,"level":"\u001b[32minfo\u001b[39m","message":"Ticket booked","timestamp":"2024-10-18T08:50:06.270Z","userId":"user11"}
{"eventId":1,"level":"\u001b[32minfo\u001b[39m","message":"Ticket booked","timestamp":"2024-10-18T08:50:06.283Z","userId":"user12"}
{"eventId":1,"level":"\u001b[32minfo\u001b[39m","message":"Ticket booked","timestamp":"2024-10-18T08:50:06.293Z","userId":"user13"}
{"eventId":1,"level":"\u001b[32minfo\u001b[39m","message":"Ticket booked","timestamp":"2024-10-18T08:50:06.303Z","userId":"user14"}
{"eventId":1,"level":"\u001b[32minfo\u001b[39m","message":"Ticket booked","timestamp":"2024-10-18T08:50:06.313Z","userId":"user15"}
{"eventId":1,"level":"\u001b[32minfo\u001b[39m","message":"Ticket booked","timestamp":"2024-10-18T08:50:06.323Z","userId":"user16"}
{"eventId":1,"level":"\u001b[32minfo\u001b[39m","message":"Ticket booked","timestamp":"2024-10-18T08:50:06.332Z","userId":"user17"}
{"eventId":1,"level":"\u001b[32minfo\u001b[39m","message":"Ticket booked","timestamp":"2024-10-18T08:50:06.345Z","userId":"user18"}
{"eventId":1,"level":"\u001b[32minfo\u001b[39m","message":"Ticket booked","timestamp":"2024-10-18T08:50:06.355Z","userId":"user19"}
{"eventId":1,"level":"\u001b[32minfo\u001b[39m","message":"Ticket booked","timestamp":"2024-10-18T08:50:06.364Z","userId":"user20"}
{"eventId":1,"level":"\u001b[32minfo\u001b[39m","message":"Ticket booked","timestamp":"2024-10-18T08:50:06.373Z","userId":"user21"}
{"eventId":1,"level":"\u001b[32minfo\u001b[39m","message":"Ticket booked","timestamp":"2024-10-18T08:50:06.383Z","userId":"user22"}
{"eventId":1,"level":"\u001b[32minfo\u001b[39m","message":"Ticket booked","timestamp":"2024-10-18T08:50:06.392Z","userId":"user23"}
{"eventId":1,"level":"\u001b[32minfo\u001b[39m","message":"Ticket booked","timestamp":"2024-10-18T08:50:06.402Z","userId":"user24"}
{"eventId":1,"level":"\u001b[32minfo\u001b[39m","message":"Ticket booked","timestamp":"2024-10-18T08:50:06.415Z","userId":"user25"}
{"eventId":1,"level":"\u001b[32minfo\u001b[39m","message":"Ticket booked","timestamp":"2024-10-18T08:50:06.424Z","userId":"user26"}
{"eventId":1,"level":"\u001b[32minfo\u001b[39m","message":"Ticket booked","timestamp":"2024-10-18T08:50:06.433Z","userId":"user27"}
{"eventId":1,"level":"\u001b[32minfo\u001b[39m","message":"Ticket booked","timestamp":"2024-10-18T08:50:06.442Z","userId":"user28"}
{"eventId":1,"level":"\u001b[32minfo\u001b[39m","message":"Ticket booked","timestamp":"2024-10-18T08:50:06.451Z","userId":"user29"}
{"eventId":1,"level":"\u001b[32minfo\u001b[39m","message":"Ticket booked","timestamp":"2024-10-18T08:50:06.460Z","userId":"user30"}
{"eventId":1,"level":"\u001b[32minfo\u001b[39m","message":"Ticket booked","timestamp":"2024-10-18T08:50:06.471Z","userId":"user31"}
{"eventId":1,"level":"\u001b[32minfo\u001b[39m","message":"Ticket booked","timestamp":"2024-10-18T08:50:06.491Z","userId":"user32"}
{"eventId":1,"level":"\u001b[32minfo\u001b[39m","message":"Ticket booked","timestamp":"2024-10-18T08:50:06.513Z","userId":"user33"}
{"eventId":1,"level":"\u001b[32minfo\u001b[39m","message":"Ticket booked","timestamp":"2024-10-18T08:50:06.522Z","userId":"user34"}
{"eventId":1,"level":"\u001b[32minfo\u001b[39m","message":"Ticket booked","timestamp":"2024-10-18T08:50:06.532Z","userId":"user35"}
{"eventId":1,"level":"\u001b[32minfo\u001b[39m","message":"Ticket booked","timestamp":"2024-10-18T08:50:06.541Z","userId":"user36"}
{"eventId":1,"level":"\u001b[32minfo\u001b[39m","message":"Ticket booked","timestamp":"2024-10-18T08:50:06.553Z","userId":"user37"}
{"eventId":1,"level":"\u001b[32minfo\u001b[39m","message":"Ticket booked","timestamp":"2024-10-18T08:50:06.562Z","userId":"user38"}
{"eventId":1,"level":"\u001b[32minfo\u001b[39m","message":"Ticket booked","timestamp":"2024-10-18T08:50:06.571Z","userId":"user39"}
{"eventId":1,"level":"\u001b[32minfo\u001b[39m","message":"Ticket booked","timestamp":"2024-10-18T08:50:06.580Z","userId":"user40"}
{"eventId":1,"level":"\u001b[32minfo\u001b[39m","message":"Ticket booked","timestamp":"2024-10-18T08:50:06.589Z","userId":"user41"}
{"eventId":1,"level":"\u001b[32minfo\u001b[39m","message":"Ticket booked","timestamp":"2024-10-18T08:50:06.597Z","userId":"user42"}
{"eventId":1,"level":"\u001b[32minfo\u001b[39m","message":"Ticket booked","timestamp":"2024-10-18T08:50:06.605Z","userId":"user43"}
{"eventId":1,"level":"\u001b[32minfo\u001b[39m","message":"Ticket booked","timestamp":"2024-10-18T08:50:06.616Z","userId":"user44"}
{"eventId":1,"level":"\u001b[32minfo\u001b[39m","message":"Ticket booked","timestamp":"2024-10-18T08:50:06.624Z","userId":"user45"}
{"eventId":1,"level":"\u001b[32minfo\u001b[39m","message":"Ticket booked","timestamp":"2024-10-18T08:50:06.632Z","userId":"user46"}
{"eventId":1,"level":"\u001b[32minfo\u001b[39m","message":"Ticket booked","timestamp":"2024-10-18T08:50:06.641Z","userId":"user47"}
{"eventId":1,"level":"\u001b[32minfo\u001b[39m","message":"Ticket booked","timestamp":"2024-10-18T08:50:06.649Z","userId":"user48"}
{"eventId":1,"level":"\u001b[32minfo\u001b[39m","message":"Ticket booked","timestamp":"2024-10-18T08:50:06.657Z","userId":"user49"}
{"eventId":1,"level":"\u001b[32minfo\u001b[39m","message":"Ticket booked","timestamp":"2024-10-18T08:50:06.666Z","userId":"user50"}
{"eventId":1,"level":"\u001b[32minfo\u001b[39m","message":"Ticket booked","timestamp":"2024-10-18T08:50:06.675Z","userId":"user51"}
{"eventId":1,"level":"\u001b[32minfo\u001b[39m","message":"Ticket booked","timestamp":"2024-10-18T08:50:06.684Z","userId":"user52"}
{"eventId":1,"level":"\u001b[32minfo\u001b[39m","message":"Ticket booked","timestamp":"2024-10-18T08:50:06.693Z","userId":"user53"}
{"eventId":1,"level":"\u001b[32minfo\u001b[39m","message":"Ticket booked","timestamp":"2024-10-18T08:50:06.702Z","userId":"user54"}
{"eventId":1,"level":"\u001b[32minfo\u001b[39m","message":"Ticket booked","timestamp":"2024-10-18T08:50:06.711Z","userId":"user55"}
{"eventId":1,"level":"\u001b[32minfo\u001b[39m","message":"Ticket booked","timestamp":"2024-10-18T08:50:06.720Z","userId":"user56"}
{"eventId":1,"level":"\u001b[32minfo\u001b[39m","message":"Ticket booked","timestamp":"2024-10-18T08:50:06.729Z","userId":"user57"}
{"eventId":1,"level":"\u001b[32minfo\u001b[39m","message":"Ticket booked","timestamp":"2024-10-18T08:50:06.737Z","userId":"user58"}
{"eventId":1,"level":"\u001b[32minfo\u001b[39m","message":"Ticket booked","timestamp":"2024-10-18T08:50:06.746Z","userId":"user59"}
{"eventId":1,"level":"\u001b[32minfo\u001b[39m","message":"Ticket booked","timestamp":"2024-10-18T08:50:06.755Z","userId":"user60"}
{"eventId":1,"level":"\u001b[32minfo\u001b[39m","message":"Ticket booked","timestamp":"2024-10-18T08:50:06.764Z","userId":"user61"}
{"eventId":1,"level":"\u001b[32minfo\u001b[39m","message":"Ticket booked","timestamp":"2024-10-18T08:50:06.772Z","userId":"user62"}
{"eventId":1,"level":"\u001b[32minfo\u001b[39m","message":"Ticket booked","timestamp":"2024-10-18T08:50:06.780Z","userId":"user63"}
{"eventId":1,"level":"\u001b[32minfo\u001b[39m","message":"Ticket booked","timestamp":"2024-10-18T08:50:06.787Z","userId":"user64"}
{"eventId":1,"level":"\u001b[32minfo\u001b[39m","message":"Ticket booked","timestamp":"2024-10-18T08:50:06.796Z","userId":"user65"}
{"eventId":1,"level":"\u001b[32minfo\u001b[39m","message":"Ticket booked","timestamp":"2024-10-18T08:50:06.804Z","userId":"user66"}
{"eventId":1,"level":"\u001b[32minfo\u001b[39m","message":"Ticket booked","timestamp":"2024-10-18T08:50:06.814Z","userId":"user67"}
{"eventId":1,"level":"\u001b[32minfo\u001b[39m","message":"Ticket booked","timestamp":"2024-10-18T08:50:06.822Z","userId":"user68"}
{"eventId":1,"level":"\u001b[32minfo\u001b[39m","message":"Ticket booked","timestamp":"2024-10-18T08:50:06.830Z","userId":"user69"}
{"eventId":1,"level":"\u001b[32minfo\u001b[39m","message":"Ticket booked","timestamp":"2024-10-18T08:50:06.838Z","userId":"user70"}
{"eventId":1,"level":"\u001b[32minfo\u001b[39m","message":"Ticket booked","timestamp":"2024-10-18T08:50:06.846Z","userId":"user71"}
{"eventId":1,"level":"\u001b[32minfo\u001b[39m","message":"Ticket booked","timestamp":"2024-10-18T08:50:06.853Z","userId":"user72"}
{"eventId":1,"level":"\u001b[32minfo\u001b[39m","message":"Ticket booked","timestamp":"2024-10-18T08:50:06.861Z","userId":"user73"}
{"eventId":1,"level":"\u001b[32minfo\u001b[39m","message":"Ticket booked","timestamp":"2024-10-18T08:50:06.870Z","userId":"user74"}
{"eventId":1,"level":"\u001b[32minfo\u001b[39m","message":"Ticket booked","timestamp":"2024-10-18T08:50:06.879Z","userId":"user75"}
{"eventId":1,"level":"\u001b[32minfo\u001b[39m","message":"Ticket booked","timestamp":"2024-10-18T08:50:06.887Z","userId":"user76"}
{"eventId":1,"level":"\u001b[32minfo\u001b[39m","message":"Ticket booked","timestamp":"2024-10-18T08:50:06.895Z","userId":"user77"}
{"eventId":1,"level":"\u001b[32minfo\u001b[39m","message":"Ticket booked","timestamp":"2024-10-18T08:50:06.902Z","userId":"user78"}
{"eventId":1,"level":"\u001b[32minfo\u001b[39m","message":"Ticket booked","timestamp":"2024-10-18T08:50:06.910Z","userId":"user79"}
{"eventId":1,"level":"\u001b[32minfo\u001b[39m","message":"Ticket booked","timestamp":"2024-10-18T08:50:06.917Z","userId":"user80"}
{"eventId":1,"level":"\u001b[32minfo\u001b[39m","message":"Ticket booked","timestamp":"2024-10-18T08:50:06.939Z","userId":"user81"}
{"eventId":1,"level":"\u001b[32minfo\u001b[39m","message":"Ticket booked","timestamp":"2024-10-18T08:50:06.966Z","userId":"user82"}
{"eventId":1,"level":"\u001b[32minfo\u001b[39m","message":"Ticket booked","timestamp":"2024-10-18T08:50:06.982Z","userId":"user83"}
{"eventId":1,"level":"\u001b[32minfo\u001b[39m","message":"Ticket booked","timestamp":"2024-10-18T08:50:06.997Z","userId":"user84"}
{"eventId":1,"level":"\u001b[32minfo\u001b[39m","message":"Ticket booked","timestamp":"2024-10-18T08:50:07.006Z","userId":"user85"}
{"eventId":1,"level":"\u001b[32minfo\u001b[39m","message":"Ticket booked","timestamp":"2024-10-18T08:50:07.017Z","userId":"user86"}
{"eventId":1,"level":"\u001b[32minfo\u001b[39m","message":"Ticket booked","timestamp":"2024-10-18T08:50:07.025Z","userId":"user87"}
{"eventId":1,"level":"\u001b[32minfo\u001b[39m","message":"Ticket booked","timestamp":"2024-10-18T08:50:07.034Z","userId":"user88"}
{"eventId":1,"level":"\u001b[32minfo\u001b[39m","message":"Ticket booked","timestamp":"2024-10-18T08:50:07.042Z","userId":"user89"}
{"eventId":1,"level":"\u001b[32minfo\u001b[39m","message":"Ticket booked","timestamp":"2024-10-18T08:50:07.052Z","userId":"user90"}
{"eventId":1,"level":"\u001b[32minfo\u001b[39m","message":"Ticket booked","timestamp":"2024-10-18T08:50:07.063Z","userId":"user91"}
{"eventId":1,"level":"\u001b[32minfo\u001b[39m","message":"Ticket booked","timestamp":"2024-10-18T08:50:07.070Z","userId":"user92"}
{"eventId":1,"level":"\u001b[32minfo\u001b[39m","message":"Ticket booked","timestamp":"2024-10-18T08:50:07.079Z","userId":"user93"}
{"eventId":1,"level":"\u001b[32minfo\u001b[39m","message":"Ticket booked","timestamp":"2024-10-18T08:50:07.087Z","userId":"user94"}
{"eventId":1,"level":"\u001b[32minfo\u001b[39m","message":"Ticket booked","timestamp":"2024-10-18T08:50:07.097Z","userId":"user95"}
{"eventId":1,"level":"\u001b[32minfo\u001b[39m","message":"Ticket booked","timestamp":"2024-10-18T08:50:07.105Z","userId":"user96"}
{"eventId":1,"level":"\u001b[32minfo\u001b[39m","message":"Ticket booked","timestamp":"2024-10-18T08:50:07.114Z","userId":"user97"}
{"eventId":1,"level":"\u001b[32minfo\u001b[39m","message":"Ticket booked","timestamp":"2024-10-18T08:50:07.122Z","userId":"user98"}
{"eventId":1,"level":"\u001b[32minfo\u001b[39m","message":"Ticket booked","timestamp":"2024-10-18T08:50:07.132Z","userId":"user99"}
{"eventId":1,"level":"\u001b[32minfo\u001b[39m","message":"Ticket booked","timestamp":"2024-10-18T08:50:07.139Z","userId":"userWaiting"}
